build/outputs/logs/manifest-merger-release-report.txt
-- Merging decision tree log ---
manifest
ADDED from pelni\AndroidManifest.xml:2:1-52:12
	package
		ADDED from pelni\AndroidManifest.xml:3:5-31
	android:versionName
		ADDED from pelni\AndroidManifest.xml:5:5-30
		INJECTED from pelni\AndroidManifest.xml
		INJECTED from pelni\AndroidManifest.xml
	android:versionCode
		ADDED from pelni\AndroidManifest.xml:4:5-28
		INJECTED from pelni\AndroidManifest.xml
		INJECTED from pelni\AndroidManifest.xml
	xmlns:android
		ADDED from pelni\AndroidManifest.xml:2:11-69
uses-sdk
ADDED from pelni\AndroidManifest.xml:7:5-9:41
MERGED from [com.android.support:design:23.0.1] AndroidManifest.xml:20:5-43
MERGED from [com.android.support:support-v4:23.0.1] AndroidManifest.xml:20:5-43
MERGED from [com.android.support:appcompat-v7:23.0.1] AndroidManifest.xml:20:5-43
MERGED from [com.android.support:support-v4:23.0.1] AndroidManifest.xml:20:5-43
	android:targetSdkVersion
		ADDED from pelni\AndroidManifest.xml:9:9-38
	android:minSdkVersion
		ADDED from pelni\AndroidManifest.xml:8:9-35
uses-permission#android.permission.NFC
ADDED from pelni\AndroidManifest.xml:10:2-59
	android:name
		ADDED from pelni\AndroidManifest.xml:10:19-56
uses-permission#android.permission.INTERNET
ADDED from pelni\AndroidManifest.xml:11:1-79
	android:name
		ADDED from pelni\AndroidManifest.xml:11:18-60
uses-permission#android.permission.ACCESS_WIFI_STATE
ADDED from pelni\AndroidManifest.xml:12:3-90
	android:name
		ADDED from pelni\AndroidManifest.xml:12:20-71
uses-permission#android.permission.ACCESS_NETWORK_STATE
ADDED from pelni\AndroidManifest.xml:13:9-99
	android:name
		ADDED from pelni\AndroidManifest.xml:13:26-80
uses-permission#android.permission.READ_PHONE_STATE
ADDED from pelni\AndroidManifest.xml:14:9-95
	android:name
		ADDED from pelni\AndroidManifest.xml:14:26-76
uses-permission#android.permission.WRITE_EXTERNAL_STORAGE
ADDED from pelni\AndroidManifest.xml:15:3-82
	android:name
		ADDED from pelni\AndroidManifest.xml:15:20-76
uses-feature#android.hardware.nfc
ADDED from pelni\AndroidManifest.xml:17:5-19:32
	android:required
		ADDED from pelni\AndroidManifest.xml:19:6-29
	android:name
		ADDED from pelni\AndroidManifest.xml:18:6-41
application
ADDED from pelni\AndroidManifest.xml:20:5-50:19
MERGED from [com.android.support:design:23.0.1] AndroidManifest.xml:22:5-20
MERGED from [com.android.support:support-v4:23.0.1] AndroidManifest.xml:22:5-20
MERGED from [com.android.support:appcompat-v7:23.0.1] AndroidManifest.xml:22:5-20
MERGED from [com.android.support:support-v4:23.0.1] AndroidManifest.xml:22:5-20
	android:label
		ADDED from pelni\AndroidManifest.xml:23:9-41
	android:allowBackup
		ADDED from pelni\AndroidManifest.xml:21:9-35
	android:icon
		ADDED from pelni\AndroidManifest.xml:22:9-45
	android:theme
		ADDED from pelni\AndroidManifest.xml:24:8-51
activity#com.example.main.menu
ADDED from pelni\AndroidManifest.xml:25:9-33:20
	android:label
		ADDED from pelni\AndroidManifest.xml:27:13-45
	android:name
		ADDED from pelni\AndroidManifest.xml:26:13-49
intent-filter#android.intent.action.MAIN+android.intent.category.LAUNCHER
ADDED from pelni\AndroidManifest.xml:28:13-32:29
action#android.intent.action.MAIN
ADDED from pelni\AndroidManifest.xml:29:17-69
	android:name
		ADDED from pelni\AndroidManifest.xml:29:25-66
category#android.intent.category.LAUNCHER
ADDED from pelni\AndroidManifest.xml:31:17-77
	android:name
		ADDED from pelni\AndroidManifest.xml:31:27-74
activity#com.example.main.MainActivity
ADDED from pelni\AndroidManifest.xml:34:9-77
	android:name
		ADDED from pelni\AndroidManifest.xml:34:21-65
activity#com.example.main.login
ADDED from pelni\AndroidManifest.xml:35:9-70
	android:name
		ADDED from pelni\AndroidManifest.xml:35:21-58
activity#com.example.main.splashscreen
ADDED from pelni\AndroidManifest.xml:36:9-77
	android:name
		ADDED from pelni\AndroidManifest.xml:36:21-65
activity#procurement.menu_procurement
ADDED from pelni\AndroidManifest.xml:37:9-76
	android:name
		ADDED from pelni\AndroidManifest.xml:37:21-64
activity#procurement.menu_procurement_request
ADDED from pelni\AndroidManifest.xml:38:8-125
	android:windowSoftInputMode
		ADDED from pelni\AndroidManifest.xml:38:72-113
	android:name
		ADDED from pelni\AndroidManifest.xml:38:20-71
activity#com.example.main.main_menu_template
ADDED from pelni\AndroidManifest.xml:39:9-83
	android:name
		ADDED from pelni\AndroidManifest.xml:39:21-71
activity#voyage.menu_voyage
ADDED from pelni\AndroidManifest.xml:40:9-66
	android:name
		ADDED from pelni\AndroidManifest.xml:40:21-54
activity#voyage.menu_voyage_plan
ADDED from pelni\AndroidManifest.xml:41:9-71
	android:name
		ADDED from pelni\AndroidManifest.xml:41:21-59
activity#procurement.menu_procurement_information
ADDED from pelni\AndroidManifest.xml:42:9-88
	android:name
		ADDED from pelni\AndroidManifest.xml:42:21-76
activity#procurement.menu_procurement_download
ADDED from pelni\AndroidManifest.xml:43:9-85
	android:name
		ADDED from pelni\AndroidManifest.xml:43:21-73
activity#meals.menu_meals
ADDED from pelni\AndroidManifest.xml:44:9-64
	android:name
		ADDED from pelni\AndroidManifest.xml:44:21-52
activity#voyage.menu_voyage_plan_addmenu
ADDED from pelni\AndroidManifest.xml:45:9-79
	android:name
		ADDED from pelni\AndroidManifest.xml:45:21-67
activity#inventory.menu_inventory
ADDED from pelni\AndroidManifest.xml:46:9-72
	android:name
		ADDED from pelni\AndroidManifest.xml:46:21-60
activity#inventory.menu_inventory_plan
ADDED from pelni\AndroidManifest.xml:47:9-119
	android:windowSoftInputMode
		ADDED from pelni\AndroidManifest.xml:47:66-107
	android:name
		ADDED from pelni\AndroidManifest.xml:47:21-65